[2024-12-16T07:02:06.759111] [INFO] Starting environment setup...
[2024-12-16T07:02:06.759241] [INFO] Directory created: /Users/crashair/AI-Software/_Interpreter/Projects/Project-001/logs
[2024-12-16T07:02:06.759285] [INFO] Directory created: /Users/crashair/AI-Software/_Interpreter/Projects/Project-001/src
[2024-12-16T07:02:06.759325] [INFO] Directory created: /Users/crashair/AI-Software/_Interpreter/Projects/Project-001/build
[2024-12-16T07:02:06.759362] [INFO] Directory created: /Users/crashair/AI-Software/_Interpreter/Projects/Project-001/configs
[2024-12-16T07:02:06.795268] [INFO] Node.js version: v23.4.0
[2024-12-16T07:02:06.935488] [INFO] npm version: Modules preloaded for Open Interpreter. 🚀
10.9.2
[2024-12-16T07:02:06.945997] [INFO] Python version: Python 3.11.10
[2024-12-16T07:02:06.946106] [INFO] Dependencies already installed (node_modules exists).
[2024-12-16T07:02:06.946137] [INFO] Environment setup complete.
[2024-12-16T07:03:49.519892] [INFO] Starting environment setup...
[2024-12-16T07:03:49.520010] [INFO] Directory created: /Users/crashair/AI-Software/_Interpreter/Projects/Project-001/logs
[2024-12-16T07:03:49.520283] [INFO] Directory created: /Users/crashair/AI-Software/_Interpreter/Projects/Project-001/src
[2024-12-16T07:03:49.520338] [INFO] Directory created: /Users/crashair/AI-Software/_Interpreter/Projects/Project-001/build
[2024-12-16T07:03:49.520378] [INFO] Directory created: /Users/crashair/AI-Software/_Interpreter/Projects/Project-001/configs
[2024-12-16T07:03:49.554751] [INFO] Node.js version: v23.4.0
[2024-12-16T07:03:49.656210] [INFO] npm version: Modules preloaded for Open Interpreter. 🚀
10.9.2
[2024-12-16T07:03:49.666799] [INFO] Python version: Python 3.11.10
[2024-12-16T07:03:49.666919] [INFO] Dependencies already installed (node_modules exists).
[2024-12-16T07:03:49.666951] [INFO] Environment setup complete.
[2024-12-16T07:09:03.086222] [INFO] Starting environment setup...
[2024-12-16T07:09:03.086302] [INFO] Directory created: /Users/crashair/AI-Software/_Interpreter/Projects/Project-001/logs
[2024-12-16T07:09:03.086346] [INFO] Directory created: /Users/crashair/AI-Software/_Interpreter/Projects/Project-001/src
[2024-12-16T07:09:03.086383] [INFO] Directory created: /Users/crashair/AI-Software/_Interpreter/Projects/Project-001/build
[2024-12-16T07:09:03.086417] [INFO] Directory created: /Users/crashair/AI-Software/_Interpreter/Projects/Project-001/configs
[2024-12-16T07:09:03.169607] [INFO] Node.js version: v23.4.0
[2024-12-16T07:09:03.363118] [INFO] npm version: Modules preloaded for Open Interpreter. 🚀
10.9.2
[2024-12-16T07:09:03.373857] [INFO] Python version: Python 3.11.10
[2024-12-16T07:09:03.373989] [INFO] Dependencies already installed (node_modules exists).
[2024-12-16T07:09:03.374022] [INFO] Environment setup complete.
[2024-12-16T07:10:57.617996] [INFO] Starting environment setup...
[2024-12-16T07:10:57.618183] [INFO] Directory created: /Users/crashair/AI-Software/_Interpreter/Projects/Project-001/logs
[2024-12-16T07:10:57.618226] [INFO] Directory created: /Users/crashair/AI-Software/_Interpreter/Projects/Project-001/src
[2024-12-16T07:10:57.618262] [INFO] Directory created: /Users/crashair/AI-Software/_Interpreter/Projects/Project-001/build
[2024-12-16T07:10:57.618295] [INFO] Directory created: /Users/crashair/AI-Software/_Interpreter/Projects/Project-001/configs
[2024-12-16T07:10:57.698983] [INFO] Node.js version: v23.4.0
[2024-12-16T07:10:57.897424] [INFO] npm version: Modules preloaded for Open Interpreter. 🚀
10.9.2
[2024-12-16T07:10:57.908003] [INFO] Python version: Python 3.11.10
[2024-12-16T07:10:58.592455] [INFO] npm install output:
Modules preloaded for Open Interpreter. 🚀

added 68 packages, and audited 69 packages in 590ms

14 packages are looking for funding
  run `npm fund` for details

found 0 vulnerabilities

[2024-12-16T07:10:58.592870] [INFO] Dependencies installed successfully.
[2024-12-16T07:10:58.592931] [INFO] Environment setup complete.
[2024-12-16T07:11:21.584835] [INFO] Starting environment setup...
[2024-12-16T07:11:21.584931] [INFO] Directory created: /Users/crashair/AI-Software/_Interpreter/Projects/Project-001/logs
[2024-12-16T07:11:21.585010] [INFO] Directory created: /Users/crashair/AI-Software/_Interpreter/Projects/Project-001/src
[2024-12-16T07:11:21.585050] [INFO] Directory created: /Users/crashair/AI-Software/_Interpreter/Projects/Project-001/build
[2024-12-16T07:11:21.585087] [INFO] Directory created: /Users/crashair/AI-Software/_Interpreter/Projects/Project-001/configs
[2024-12-16T07:14:11.510587] [INFO] Starting environment setup...
[2024-12-16T07:14:11.510652] [INFO] Directory created: /Users/crashair/AI-Software/_Interpreter/Projects/Project-001/logs
[2024-12-16T07:14:11.510691] [INFO] Directory created: /Users/crashair/AI-Software/_Interpreter/Projects/Project-001/src
[2024-12-16T07:14:11.510726] [INFO] Directory created: /Users/crashair/AI-Software/_Interpreter/Projects/Project-001/build
[2024-12-16T07:14:11.510764] [INFO] Directory created: /Users/crashair/AI-Software/_Interpreter/Projects/Project-001/configs
[2024-12-16T07:14:11.594154] [INFO] Node.js version: v23.4.0
[2024-12-16T07:14:11.793561] [INFO] npm version: Modules preloaded for Open Interpreter. 🚀
10.9.2
[2024-12-16T07:14:11.804126] [INFO] Python version: Python 3.11.10
[2024-12-16T07:14:11.804270] [INFO] Dependencies already installed (node_modules exists).
[2024-12-16T07:14:11.804305] [INFO] Environment setup complete.
[2024-12-16T07:16:06.557729] [INFO] Starting environment setup...
[2024-12-16T07:16:06.557825] [INFO] Directory created: /Users/crashair/AI-Software/_Interpreter/Projects/Project-001/logs
[2024-12-16T07:16:06.557887] [INFO] Directory created: /Users/crashair/AI-Software/_Interpreter/Projects/Project-001/src
[2024-12-16T07:16:06.557941] [INFO] Directory created: /Users/crashair/AI-Software/_Interpreter/Projects/Project-001/build
[2024-12-16T07:16:06.557990] [INFO] Directory created: /Users/crashair/AI-Software/_Interpreter/Projects/Project-001/configs
[2024-12-16T07:16:06.592368] [INFO] Node.js version: v23.4.0
[2024-12-16T07:16:06.695856] [INFO] npm version: Modules preloaded for Open Interpreter. 🚀
10.9.2
[2024-12-16T07:16:06.706747] [INFO] Python version: Python 3.11.10
[2024-12-16T07:16:06.706928] [INFO] Dependencies already installed (node_modules exists).
[2024-12-16T07:16:06.706972] [INFO] Environment setup complete.
[2024-12-16T07:19:20.629042] [INFO] Starting environment setup...
[2024-12-16T07:19:20.629119] [INFO] Directory created: /Users/crashair/AI-Software/_Interpreter/Projects/Project-001/logs
[2024-12-16T07:19:20.629160] [INFO] Directory created: /Users/crashair/AI-Software/_Interpreter/Projects/Project-001/src
[2024-12-16T07:19:20.629197] [INFO] Directory created: /Users/crashair/AI-Software/_Interpreter/Projects/Project-001/build
[2024-12-16T07:19:20.629232] [INFO] Directory created: /Users/crashair/AI-Software/_Interpreter/Projects/Project-001/configs
[2024-12-16T07:19:20.664715] [INFO] Node.js version: v23.4.0
[2024-12-16T07:19:20.770007] [INFO] npm version: Modules preloaded for Open Interpreter. 🚀
10.9.2
[2024-12-16T07:19:20.780832] [INFO] Python version: Python 3.11.10
[2024-12-16T07:19:20.780998] [INFO] Dependencies already installed (node_modules exists).
[2024-12-16T07:19:20.781042] [INFO] Environment setup complete.
[2024-12-16T07:20:00.646765] [INFO] Starting environment setup...
[2024-12-16T07:20:00.646859] [INFO] Directory created: /Users/crashair/AI-Software/_Interpreter/Projects/Project-001/logs
[2024-12-16T07:20:00.646917] [INFO] Directory created: /Users/crashair/AI-Software/_Interpreter/Projects/Project-001/src
[2024-12-16T07:20:00.646971] [INFO] Directory created: /Users/crashair/AI-Software/_Interpreter/Projects/Project-001/build
[2024-12-16T07:20:00.647019] [INFO] Directory created: /Users/crashair/AI-Software/_Interpreter/Projects/Project-001/configs
[2024-12-16T07:20:00.681385] [INFO] Node.js version: v23.4.0
[2024-12-16T07:20:00.783099] [INFO] npm version: Modules preloaded for Open Interpreter. 🚀
10.9.2
[2024-12-16T07:20:00.793718] [INFO] Python version: Python 3.11.10
[2024-12-16T07:20:00.793880] [INFO] Dependencies already installed (node_modules exists).
[2024-12-16T07:20:00.793956] [INFO] Environment setup complete.
[2024-12-16T07:21:54.985561] [INFO] Starting environment setup...
[2024-12-16T07:21:54.985690] [INFO] Directory created: /Users/crashair/AI-Software/_Interpreter/Projects/Project-001/logs
[2024-12-16T07:21:54.985744] [INFO] Directory created: /Users/crashair/AI-Software/_Interpreter/Projects/Project-001/src
[2024-12-16T07:21:54.985786] [INFO] Directory created: /Users/crashair/AI-Software/_Interpreter/Projects/Project-001/build
[2024-12-16T07:21:54.985824] [INFO] Directory created: /Users/crashair/AI-Software/_Interpreter/Projects/Project-001/configs
[2024-12-16T07:21:54.991615] [INFO] Suggested recovery steps:
[2024-12-16T07:21:54.991653] [INFO] - Ensure Node.js and npm are installed correctly.
[2024-12-16T07:21:54.991684] [INFO] - Run 'npm install' manually if the script fails.
[2024-12-16T07:21:54.991711] [INFO] - Check the package.json file exists and is valid.
[2024-12-16T07:24:27.550323] [INFO] Starting environment setup...
[2024-12-16T07:24:27.550404] [INFO] Directory created: /Users/crashair/AI-Software/_Interpreter/Projects/Project-001/logs
[2024-12-16T07:24:27.550454] [INFO] Directory created: /Users/crashair/AI-Software/_Interpreter/Projects/Project-001/src
[2024-12-16T07:24:27.550496] [INFO] Directory created: /Users/crashair/AI-Software/_Interpreter/Projects/Project-001/build
[2024-12-16T07:24:27.550538] [INFO] Directory created: /Users/crashair/AI-Software/_Interpreter/Projects/Project-001/configs
[2024-12-16T07:24:27.556179] [INFO] Suggested recovery steps:
[2024-12-16T07:24:27.556217] [INFO]  - Ensure Node.js and npm are installed correctly.
[2024-12-16T07:24:27.556246] [INFO]  - Run 'npm install' manually if the script fails.
[2024-12-16T07:24:27.556276] [INFO]  - Check the package.json file exists and is valid.
