2024-12-17 17:58:46.111 | INFO     | custom_profile:_setup_loggers:24 - Loguru logger setup complete.
2024-12-17 17:58:46.111 | INFO     | custom_profile:__init__:14 - Custom profile initialized successfully.
2024-12-17 17:58:46.111 | INFO     | custom_profile:run:30 - CustomProfile is starting the main tasks.
2024-12-17 17:59:03.169 | INFO     | custom_profile:_main_loop:48 - Exiting the custom profile.
2024-12-17 18:01:58.003 | INFO     | __main__:_setup_loggers:24 - Loguru logger setup complete.
2024-12-17 18:01:58.003 | INFO     | __main__:__init__:14 - Custom profile initialized successfully.
2024-12-17 18:01:58.003 | INFO     | __main__:run:30 - CustomProfile is starting the main tasks.
2024-12-17 18:02:05.723 | INFO     | __main__:_main_loop:55 - Custom profile interrupted by user.
2024-12-18 00:13:22.658 | INFO     | custom_profile:_setup_loggers:24 - Loguru logger setup complete.
2024-12-18 00:13:22.658 | INFO     | custom_profile:__init__:14 - Custom profile initialized successfully.
2024-12-18 00:13:22.658 | INFO     | custom_profile:run:30 - CustomProfile is starting the main tasks.
2024-12-18 00:13:22.658 | INFO     | custom_profile:_main_loop:52 - Received command: echo "##end_of_execution##"
2024-12-18 00:13:29.408 | INFO     | custom_profile:_main_loop:52 - Received command: echo "##active_line1##"
2024-12-18 00:13:29.408 | INFO     | custom_profile:_main_loop:52 - Received command: screencapture -x /Users/crashair/AI-Software/_Interpreter/Projects/Project-001/completion_screenshot.png
2024-12-18 00:13:29.408 | INFO     | custom_profile:_main_loop:52 - Received command: echo "##end_of_execution##"
2024-12-18 00:17:52.761 | INFO     | custom_profile:_main_loop:52 - Received command: echo "##active_line1##"
2024-12-18 00:17:52.761 | INFO     | custom_profile:_main_loop:52 - Received command: cat /Users/crashair/AI-Software/_Interpreter/Projects/Project-001/test_error_manager.py
2024-12-18 00:17:52.761 | INFO     | custom_profile:_main_loop:52 - Received command: echo "##end_of_execution##"
2024-12-18 00:17:55.238 | INFO     | custom_profile:_main_loop:52 - Received command: echo "##active_line1##"
2024-12-18 00:17:55.238 | INFO     | custom_profile:_main_loop:52 - Received command: cat /Users/crashair/AI-Software/_Interpreter/Projects/Project-001/test_error_manager.py
2024-12-18 00:17:55.238 | INFO     | custom_profile:_main_loop:52 - Received command: echo "##end_of_execution##"
2024-12-18 00:17:58.008 | INFO     | custom_profile:_main_loop:52 - Received command: echo "##active_line1##"
2024-12-18 00:17:58.008 | INFO     | custom_profile:_main_loop:52 - Received command: cat /Users/crashair/AI-Software/_Interpreter/Projects/Project-001/test_env.py
2024-12-18 00:17:58.008 | INFO     | custom_profile:_main_loop:52 - Received command: echo "##end_of_execution##"
2024-12-18 00:18:00.841 | INFO     | custom_profile:_main_loop:52 - Received command: echo "##active_line1##"
2024-12-18 00:18:00.841 | INFO     | custom_profile:_main_loop:52 - Received command: cat /Users/crashair/AI-Software/_Interpreter/Projects/Project-001/test_env_manager.py
2024-12-18 00:18:00.841 | INFO     | custom_profile:_main_loop:52 - Received command: echo "##end_of_execution##"
2024-12-18 00:18:04.928 | INFO     | custom_profile:_main_loop:52 - Received command: echo "##active_line1##"
2024-12-18 00:18:04.929 | INFO     | custom_profile:_main_loop:52 - Received command: find /Users/crashair/AI-Software/_Interpreter/Projects/Project-001 -name '*.py' -exec grep -H 'logger' {} \;
2024-12-18 00:18:04.929 | INFO     | custom_profile:_main_loop:52 - Received command: echo "##end_of_execution##"
2024-12-18 00:18:22.546 | INFO     | custom_profile:_main_loop:52 - Received command: echo "##active_line1##"
2024-12-18 00:18:22.546 | INFO     | custom_profile:_main_loop:52 - Received command: cat /Users/crashair/AI-Software/_Interpreter/Projects/Project-001/test_error_manager.py
2024-12-18 00:18:22.546 | INFO     | custom_profile:_main_loop:52 - Received command: echo "##end_of_execution##"
2024-12-18 00:18:25.047 | INFO     | custom_profile:_main_loop:52 - Received command: echo "##active_line1##"
2024-12-18 00:18:25.048 | INFO     | custom_profile:_main_loop:52 - Received command: cat /Users/crashair/AI-Software/_Interpreter/Projects/Project-001/test_env.py
2024-12-18 00:18:25.048 | INFO     | custom_profile:_main_loop:52 - Received command: echo "##end_of_execution##"
2024-12-18 00:18:28.085 | INFO     | custom_profile:_main_loop:52 - Received command: echo "##active_line1##"
2024-12-18 00:18:28.085 | INFO     | custom_profile:_main_loop:52 - Received command: cat /Users/crashair/AI-Software/_Interpreter/Projects/Project-001/test_env_manager.py
2024-12-18 00:18:28.085 | INFO     | custom_profile:_main_loop:52 - Received command: echo "##end_of_execution##"
2024-12-18 00:18:48.163 | INFO     | custom_profile:_main_loop:52 - Received command: echo "##active_line1##"
2024-12-18 00:18:48.163 | INFO     | custom_profile:_main_loop:52 - Received command: screencapture -x /Users/crashair/AI-Software/_Interpreter/Projects/Project-001/completion_verification.png
2024-12-18 00:18:48.164 | INFO     | custom_profile:_main_loop:52 - Received command: echo "##end_of_execution##"
2024-12-18 00:21:56.455 | INFO     | custom_profile:_main_loop:52 - Received command: echo "##active_line1##"
2024-12-18 00:21:56.456 | INFO     | custom_profile:_main_loop:52 - Received command: cat /Users/crashair/AI-Software/_Interpreter/Projects/Project-001/___INSTRUCTIONS___/DoThisNext.txt
2024-12-18 00:21:56.456 | INFO     | custom_profile:_main_loop:52 - Received command: echo "##end_of_execution##"
2024-12-18 00:22:00.145 | INFO     | custom_profile:_main_loop:52 - Received command: echo "##active_line1##"
2024-12-18 00:22:00.145 | INFO     | custom_profile:_main_loop:52 - Received command: ls /Users/crashair/AI-Software/_Interpreter/Projects/Project-001/___INSTRUCTIONS___/
2024-12-18 00:22:00.146 | INFO     | custom_profile:_main_loop:52 - Received command: echo "##end_of_execution##"
2024-12-18 00:22:03.036 | INFO     | custom_profile:_main_loop:52 - Received command: echo "##active_line1##"
2024-12-18 00:22:03.037 | INFO     | custom_profile:_main_loop:52 - Received command: ls /Users/crashair/AI-Software/_Interpreter/Projects/Project-001/___INSTRUCTIONS___/DoThisNext.txt
2024-12-18 00:22:03.037 | INFO     | custom_profile:_main_loop:52 - Received command: echo "##end_of_execution##"
2024-12-18 00:23:59.682 | INFO     | custom_profile:_main_loop:52 - Received command: echo "##active_line1##"
2024-12-18 00:23:59.682 | INFO     | custom_profile:_main_loop:52 - Received command: cat /Users/crashair/AI-Software/_Interpreter/Projects/Project-001/___INSTRUCTIONS___/DoThisNext.txt
2024-12-18 00:23:59.682 | INFO     | custom_profile:_main_loop:52 - Received command: echo "##end_of_execution##"
2024-12-18 09:13:02.761 | INFO     | custom_profile:_main_loop:52 - Received command: echo "##active_line1##"
2024-12-18 09:13:02.762 | INFO     | custom_profile:_main_loop:52 - Received command: cat /Users/crashair/AI-Software/_Interpreter/Projects/Project-001/___INSTRUCTIONS___/DoThisNext.txt
2024-12-18 09:13:02.762 | INFO     | custom_profile:_main_loop:52 - Received command: echo "##end_of_execution##"
2024-12-18 09:46:39.503 | INFO     | custom_profile:_main_loop:55 - Custom profile interrupted by user.
